<?xml version="1.0" encoding="UTF-8"?>
<testsuite xmlns:xsi="http://www.w3.org/2001/XMLSchema-instance" xsi:noNamespaceSchemaLocation="https://maven.apache.org/surefire/maven-surefire-plugin/xsd/surefire-test-report-3.0.xsd" version="3.0" name="run.RunCucumberTest" time="5.903" tests="5" errors="0" skipped="0" failures="0">
  <properties>
[...]
</properties>
  <testcase name="图标管理 - outline测试 - Examples - Example #1.2" classname="图标管理 - outline测试 - Examples" time="0.079">
    <system-out><![CDATA[
@Smoke
Scenario: 鑾峰彇楠岃瘉鐮�      &amp#27;[90m# basex/login.feature:5&amp#27;[0m

@Smoke @icon @test
Scenario Outline: outline娴嬭瘯 &amp#27;[90m# basex/icon.feature:30&amp#27;[0m
消防
  &amp#27;[32mGiven &amp#27;[0m&amp#27;[32m閫夋嫨&amp#27;[0m&amp#27;[32m&amp#27;[1m'娑堥槻'&amp#27;[0m              &amp#27;[90m# step_definition.testCase.demo.Scenario_icon.getGroup(java.lang.String)&amp#27;[0m
lg:::12
  &amp#27;[32mWhen &amp#27;[0m&amp#27;[32m杈撳叆&amp#27;[0m&amp#27;[32m&amp#27;[1m'lg'&amp#27;[0m&amp#27;[32m鍜�&amp#27;[0m&amp#27;[32m&amp#27;[1m'12'&amp#27;[0m&amp#27;[32m锛屼繚瀛�&amp#27;[0m       &amp#27;[90m# step_definition.testCase.demo.Scenario_icon.getInfo(java.lang.String,java.lang.String)&amp#27;[0m
lg
  &amp#27;[32mThen &amp#27;[0m&amp#27;[32m瀛敓浣�&amp#27;[0m&amp#27;[32m&amp#27;[1m'lg'&amp#27;[0m&amp#27;[32m鍒涘缓鎴愬姛&amp#27;[0m          &amp#27;[90m# step_definition.testCase.demo.Scenario_icon.AssertResult(java.lang.String)&amp#27;[0m
]]></system-out>
  </testcase>
  <testcase name="图标管理 - outline测试 - Examples - Example #1.1" classname="图标管理 - outline测试 - Examples" time="0.009">
    <system-out><![CDATA[
@Smoke @icon @test
Scenario Outline: outline娴嬭瘯 &amp#27;[90m# basex/icon.feature:29&amp#27;[0m
安防
  &amp#27;[32mGiven &amp#27;[0m&amp#27;[32m閫夋嫨&amp#27;[0m&amp#27;[32m&amp#27;[1m'瀹夐槻'&amp#27;[0m              &amp#27;[90m# step_definition.testCase.demo.Scenario_icon.getGroup(java.lang.String)&amp#27;[0m
wnn:::1
  &amp#27;[32mWhen &amp#27;[0m&amp#27;[32m杈撳叆&amp#27;[0m&amp#27;[32m&amp#27;[1m'wnn'&amp#27;[0m&amp#27;[32m鍜�&amp#27;[0m&amp#27;[32m&amp#27;[1m'1'&amp#27;[0m&amp#27;[32m锛屼繚瀛�&amp#27;[0m       &amp#27;[90m# step_definition.testCase.demo.Scenario_icon.getInfo(java.lang.String,java.lang.String)&amp#27;[0m
wnn
  &amp#27;[32mThen &amp#27;[0m&amp#27;[32m瀛敓浣�&amp#27;[0m&amp#27;[32m&amp#27;[1m'wnn'&amp#27;[0m&amp#27;[32m鍒涘缓鎴愬姛&amp#27;[0m         &amp#27;[90m# step_definition.testCase.demo.Scenario_icon.AssertResult(java.lang.String)&amp#27;[0m
]]></system-out>
  </testcase>
  <testcase name="图标管理 - 表单测试" classname="图标管理" time="0.015">
    <system-out><![CDATA[
@Smoke @icon @datatable
Scenario: 琛ㄥ崟娴嬭瘯        &amp#27;[90m# basex/icon.feature:16&amp#27;[0m
WNN
  &amp#27;[32mGiven &amp#27;[0m&amp#27;[32m杈撳叆鍚嶇О鍜屽鐢熺紪鐮侊紝淇濆瓨锛�&amp#27;[0m &amp#27;[90m# step_definition.testCase.demo.Scenario_icon.testDataTable(io.cucumber.datatable.DataTable)&amp#27;[0m
    | WNN | 1 |
    | LGQ | 2 |
]]></system-out>
  </testcase>
  <testcase name="图标管理 - 创建孪生体分类" classname="图标管理" time="5.407">
    <system-out><![CDATA[  &amp#27;[32mThen &amp#27;[0m&amp#27;[32m鍥炬爣涓婁紶鎴愬姛&amp#27;[0m      &amp#27;[90m# step_definition.testCase.demo.Scenario_icon.assertResult()&amp#27;[0m
]]></system-out>
  </testcase>
  <testcase name="login test - 获取验证码" classname="login test" time="5.492">
    <system-out><![CDATA[
@Smoke @icon
Scenario: 鍒涘缓瀛敓浣撳垎绫�  &amp#27;[90m# basex/icon.feature:6&amp#27;[0m
{"code":200,"data":"1688042981136314369","success":true,"message":"请求成功"}
  &amp#27;[32mWhen &amp#27;[0m&amp#27;[32m涓婁紶&amp#27;[0m&amp#27;[32m&amp#27;[1m"1.png"&amp#27;[0m&amp#27;[32m鍥炬爣&amp#27;[0m &amp#27;[90m# step_definition.testCase.demo.Scenario_icon.uploadImage(java.lang.String)&amp#27;[0m
  &amp#27;[32mWhen &amp#27;[0m&amp#27;[32m鑾峰彇license&amp#27;[0m     &amp#27;[90m# step_definition.testCase.scenario_login.getLicense()&amp#27;[0m
  &amp#27;[32mThen &amp#27;[0m&amp#27;[32m鐧诲綍鎴愬姛锛屾垚鍔熻幏鍙栬褰曚俊鎭�&amp#27;[0m &amp#27;[90m# step_definition.testCase.scenario_login.getRecord()&amp#27;[0m
]]></system-out>
  </testcase>
</testsuite>